<?xml version="1.0" encoding="UTF-8"?>
<!-- Generated by org.testng.reporters.JUnitXMLReporter -->
<testsuite ignored="0" hostname="DESKTOP-9RJAJE7" failures="0" tests="4" name="Test" time="10.974" errors="0" timestamp="2024-09-05T14:08:53 IST">
  <testcase classname="Day42Testng.orange" name="open" time="5.967"/>
  <testcase classname="Day42Testng.orange" name="test" time="3.077"/>
  <testcase classname="Day42Testng.orange" name="login" time="1.594"/>
  <testcase classname="Day42Testng.orange" name="close" time="0.288"/>
</testsuite> <!-- Test -->
