<?xml version="1.0" encoding="UTF-8"?>
<!-- Generated by org.testng.reporters.JUnitXMLReporter -->
<testsuite ignored="0" hostname="DESKTOP-9RJAJE7" failures="0" tests="4" name="Default test" time="8.905" errors="0" timestamp="2024-09-05T14:02:45 IST">
  <testcase classname="Day42Testng.orange" name="open" time="4.19"/>
  <testcase classname="Day42Testng.orange" name="test" time="3.06"/>
  <testcase classname="Day42Testng.orange" name="login" time="1.293"/>
  <testcase classname="Day42Testng.orange" name="close" time="0.322"/>
</testsuite> <!-- Default test -->
