<?xml version="1.0" encoding="UTF-8"?>
<testng-results ignored="0" total="4" passed="4" failed="0" skipped="0">
  <reporter-output>
  </reporter-output>
  <suite started-at="2024-09-05T14:08:42 IST" name="Suite" finished-at="2024-09-05T14:08:53 IST" duration-ms="10974">
    <groups>
    </groups>
    <test started-at="2024-09-05T14:08:42 IST" name="Test" finished-at="2024-09-05T14:08:53 IST" duration-ms="10974">
      <class name="Day42Testng.orange">
        <test-method signature="open()[pri:0, instance:Day42Testng.orange@1e1a0406]" started-at="2024-09-05T14:08:42 IST" name="open" finished-at="2024-09-05T14:08:48 IST" duration-ms="5967" status="PASS">
          <reporter-output>
          </reporter-output>
        </test-method> <!-- open -->
        <test-method signature="test()[pri:1, instance:Day42Testng.orange@1e1a0406]" started-at="2024-09-05T14:08:48 IST" name="test" finished-at="2024-09-05T14:08:52 IST" duration-ms="3077" status="PASS">
          <reporter-output>
          </reporter-output>
        </test-method> <!-- test -->
        <test-method signature="login()[pri:2, instance:Day42Testng.orange@1e1a0406]" started-at="2024-09-05T14:08:52 IST" name="login" finished-at="2024-09-05T14:08:53 IST" duration-ms="1594" status="PASS">
          <reporter-output>
          </reporter-output>
        </test-method> <!-- login -->
        <test-method signature="close()[pri:3, instance:Day42Testng.orange@1e1a0406]" started-at="2024-09-05T14:08:53 IST" name="close" finished-at="2024-09-05T14:08:53 IST" duration-ms="288" status="PASS">
          <reporter-output>
          </reporter-output>
        </test-method> <!-- close -->
      </class> <!-- Day42Testng.orange -->
    </test> <!-- Test -->
  </suite> <!-- Suite -->
</testng-results>
